{"email":"hariyawsolutions@gmail.com","level":"info","message":"Contact message created","messageId":"4fc5e5a3-e99b-4d2d-b5ca-3837745969a9","timestamp":"2025-03-21T17:24:11.774Z"}
{"email":"rogerbeaudry@yahoo.com","level":"info","message":"Contact message created","messageId":"fa882f74-f848-435f-8a3b-4cd04f520dd5","timestamp":"2025-05-21T22:23:39.408Z"}
{"error":"TypeError: fetch failed","level":"error","message":"Error fetching lawyers","timestamp":"2025-10-29T10:08:52.868Z"}
{"error":"TypeError: fetch failed","level":"error","message":"Error fetching lawyers","timestamp":"2025-10-29T10:40:55.804Z"}
{"error":"TypeError: fetch failed","level":"error","message":"Error fetching lawyers","timestamp":"2025-10-29T10:40:55.819Z"}
{"error":"TypeError: fetch failed","level":"error","message":"Error fetching lawyers","timestamp":"2025-10-29T10:42:20.807Z"}
{"error":"TypeError: fetch failed","level":"error","message":"Error fetching lawyers","timestamp":"2025-10-29T10:42:22.274Z"}
{"error":"TypeError: fetch failed","level":"error","message":"Error fetching lawyers","timestamp":"2025-10-29T10:42:25.706Z"}
{"error":"TypeError: fetch failed","level":"error","message":"Error saving booking to database","timestamp":"2025-10-29T10:42:51.349Z"}
{"error":"TypeError: fetch failed","level":"error","message":"Error saving booking to database","timestamp":"2025-10-29T10:43:46.153Z"}
{"error":"TypeError: fetch failed","level":"error","message":"Error fetching lawyers","timestamp":"2025-10-29T10:45:07.581Z"}
{"date":"2025-10-30","email":"rogerbeaudry@yahoo.com","hasLawyerId":false,"lawyerId":"none","level":"info","message":"Booking data received","name":"Roger Beaudry","practiceArea":"Employment Law","time":"14:00","timestamp":"2025-10-29T10:46:38.472Z"}
{"hasLawyerId":false,"insertFields":["name","email","phone","date","time","practice_area","message","status"],"level":"info","message":"Attempting to insert booking","timestamp":"2025-10-29T10:46:38.474Z"}
{"code":"","details":"TypeError: fetch failed\n    at node:internal/deps/undici/undici:13510:13\n    at process.processTicksAndRejections (node:internal/process/task_queues:105:5)","error":"TypeError: fetch failed","hint":"","insertData":{"date":"2025-10-30","email":"rogerbeaudry@yahoo.com","lawyer_id":"null","message":"jsa;lj","name":"Roger Beaudry","phone":"3186160228","practice_area":"Employment Law","status":"pending","time":"14:00"},"level":"error","message":"Error saving booking to database","timestamp":"2025-10-29T10:46:38.605Z"}
{"date":"2025-11-06","email":"rogerbeaudry@yahoo.com","hasLawyerId":false,"lawyerId":"none","level":"info","message":"Booking data received","name":"Roger Beaudry","practiceArea":"Corporate Law","time":"09:00","timestamp":"2025-10-29T11:18:55.223Z"}
{"hasLawyerId":false,"insertFields":["name","email","phone","date","time","practice_area","message","status"],"lawyerId":"null","level":"info","message":"Attempting to insert booking","timestamp":"2025-10-29T11:18:55.227Z"}
{"code":"PGRST205","details":null,"error":"Could not find the table 'public.appointments' in the schema cache","hint":null,"insertData":{"date":"2025-11-06","email":"rogerbeaudry@yahoo.com","lawyer_id":"null","message":"kijuhg","name":"Roger Beaudry","phone":"13186160228","practice_area":"Corporate Law","status":"pending","time":"09:00"},"level":"error","message":"Error saving booking to database","timestamp":"2025-10-29T11:18:56.832Z"}
{"date":"2025-11-06","email":"rogerbeaudry@yahoo.com","hasLawyerId":false,"lawyerId":"none","level":"info","message":"Booking data received","name":"Roger Beaudry","practiceArea":"Corporate Law","time":"09:00","timestamp":"2025-10-29T11:22:52.019Z"}
{"hasLawyerId":false,"insertFields":["name","email","phone","date","time","practice_area","message","status"],"lawyerId":"null","level":"info","message":"Attempting to insert booking","timestamp":"2025-10-29T11:22:52.024Z"}
{"error":"Request failed with status code 422","level":"error","message":"Error sending booking emails via MailerSend","response":{"errors":{"from.email":["The from.email domain must be verified in your account to send emails. #MS42207"]},"message":"The from.email domain must be verified in your account to send emails. #MS42207"},"status":422,"timestamp":"2025-10-29T11:22:55.645Z"}
{"error":{},"level":"error","message":"Error sending booking emails","timestamp":"2025-10-29T11:22:55.646Z"}
{"bookingId":"2e3839b0-c0f1-46fc-98e1-e67f20d27ad5","email":"rogerbeaudry@yahoo.com","level":"info","message":"Booking created successfully","timestamp":"2025-10-29T11:22:55.647Z"}
{"error":"supabaseAdmin.from(...).select(...).catch is not a function","level":"error","message":"Error fetching stats","timestamp":"2025-10-29T12:09:00.640Z"}
{"error":"supabaseAdmin.from(...).select(...).catch is not a function","level":"error","message":"Error fetching stats","timestamp":"2025-10-29T12:12:27.799Z"}
{"id":"6a73589c-8ccf-4253-a201-fbb9d5c62d21","lawyer_id":"LAW-001","level":"info","message":"Lawyer deleted successfully","timestamp":"2025-10-29T13:18:50.877Z"}
{"id":"2e3839b0-c0f1-46fc-98e1-e67f20d27ad5","level":"info","message":"Appointment updated successfully","status":"confirmed","timestamp":"2025-10-29T13:20:15.405Z"}
{"count":9,"level":"info","message":"Lawyers fetched successfully","timestamp":"2025-10-30T00:23:13.427Z"}
{"count":9,"level":"info","message":"Lawyers fetched successfully","timestamp":"2025-10-30T00:23:18.114Z"}
{"id":"3721c60a-ff5a-46cf-8a06-dbcf7ae97a37","level":"info","message":"Lawyer updated successfully","timestamp":"2025-10-30T00:35:25.459Z"}
{"count":9,"level":"info","message":"Lawyers fetched successfully","timestamp":"2025-10-30T00:43:19.696Z"}
{"count":9,"level":"info","message":"Lawyers fetched successfully","timestamp":"2025-10-30T00:43:19.953Z"}
{"id":"2e3839b0-c0f1-46fc-98e1-e67f20d27ad5","level":"info","message":"Appointment deleted successfully","timestamp":"2025-10-31T08:13:56.182Z"}
{"error":"new row violates row-level security policy for table \"contact_messages\"","level":"error","message":"Error creating contact message","timestamp":"2025-10-31T08:57:14.603Z"}
{"error":"new row violates row-level security policy for table \"contact_messages\"","level":"error","message":"Error creating contact message","timestamp":"2025-10-31T08:57:50.189Z"}
{"error":"new row violates row-level security policy for table \"contact_messages\"","level":"error","message":"Error creating contact message","timestamp":"2025-10-31T09:00:03.710Z"}
{"error":"new row violates row-level security policy for table \"contact_messages\"","level":"error","message":"Error creating contact message","timestamp":"2025-10-31T09:03:15.029Z"}
{"error":"Request failed with status code 422","level":"error","message":"Error sending contact emails via MailerSend","response":{"errors":{"from.email":["The from.email domain must be verified in your account to send emails. #MS42207"],"to":["Trial accounts can only send emails to the administrator's email. #MS42225"]},"message":"Trial accounts can only send emails to the administrator's email. #MS42225 (and 1 more error)"},"status":422,"timestamp":"2025-10-31T09:04:36.894Z"}
{"error":{},"level":"error","message":"Error sending contact emails","timestamp":"2025-10-31T09:04:36.896Z"}
{"email":"rogerbeaudry@yahoo.com","level":"info","message":"Contact message created successfully","messageId":"5112c93c-3eba-42fb-9cdb-b8ae29f39c1a","timestamp":"2025-10-31T09:04:36.896Z"}
{"error":"supabaseAdmin is not defined","level":"error","message":"Error updating contact message","timestamp":"2025-10-31T09:06:39.030Z"}
{"error":"supabaseAdmin is not defined","level":"error","message":"Error updating contact message","timestamp":"2025-10-31T09:06:47.623Z"}
{"error":"Could not find the 'updated_at' column of 'contact_messages' in the schema cache","level":"error","message":"Error updating contact message","timestamp":"2025-10-31T09:09:31.768Z"}
{"error":"supabaseAdmin is not defined","level":"error","message":"Error updating lawyer","timestamp":"2025-10-31T09:10:17.100Z"}
{"error":"supabaseAdmin is not defined","level":"error","message":"Error updating lawyer","timestamp":"2025-10-31T09:10:21.498Z"}
{"error":"Could not find the 'updated_at' column of 'contact_messages' in the schema cache","level":"error","message":"Error updating contact message","timestamp":"2025-10-31T09:12:19.300Z"}
{"code":"PGRST204","details":null,"error":"Could not find the 'updated_at' column of 'contact_messages' in the schema cache","id":"5112c93c-3eba-42fb-9cdb-b8ae29f39c1a","level":"error","message":"Error updating contact message","status":"read","timestamp":"2025-10-31T09:14:43.736Z"}
{"code":"42703","details":null,"error":"record \"new\" has no field \"updated_at\"","id":"5112c93c-3eba-42fb-9cdb-b8ae29f39c1a","level":"error","message":"Error updating contact message","status":"read","timestamp":"2025-10-31T09:19:58.754Z"}
{"count":9,"level":"info","message":"Lawyers fetched successfully","timestamp":"2025-10-31T09:23:27.378Z"}
{"count":9,"level":"info","message":"Lawyers fetched successfully","timestamp":"2025-10-31T09:23:27.618Z"}
{"date":"2026-09-09","email":"rogerbeaudry@yahoo.com","hasLawyerId":true,"lawyerId":"LAW-007","level":"info","message":"Booking data received","name":"Roger Beaudry","practiceArea":"Corporate Law","time":"21:09","timestamp":"2025-10-31T09:24:24.530Z"}
{"hasLawyerId":true,"insertFields":["name","email","phone","date","time","practice_area","message","status","lawyer_id"],"lawyerId":"LAW-007","level":"info","message":"Attempting to insert booking","timestamp":"2025-10-31T09:24:24.533Z"}
{"error":"Request failed with status code 422","level":"error","message":"Error sending booking emails via MailerSend","response":{"errors":{"from.email":["The from.email domain must be verified in your account to send emails. #MS42207"],"to":["Trial accounts can only send emails to the administrator's email. #MS42225"]},"message":"Trial accounts can only send emails to the administrator's email. #MS42225 (and 1 more error)"},"status":422,"timestamp":"2025-10-31T09:24:28.401Z"}
{"error":{},"level":"error","message":"Error sending booking emails","timestamp":"2025-10-31T09:24:28.402Z"}
{"bookingId":"b2ed903f-1446-486a-af62-c700e83efbd7","email":"rogerbeaudry@yahoo.com","level":"info","message":"Booking created successfully","timestamp":"2025-10-31T09:24:28.403Z"}
{"count":9,"level":"info","message":"Lawyers fetched successfully","timestamp":"2025-10-31T09:36:47.826Z"}
{"count":9,"level":"info","message":"Lawyers fetched successfully","timestamp":"2025-10-31T09:36:48.261Z"}
{"date":"2025-11-05","email":"halldavid971@gmail.com","hasLawyerId":true,"lawyerId":"LAW-003","level":"info","message":"Booking data received","name":"Hill Beaudry","practiceArea":"Intellectual Property","time":"21:09","timestamp":"2025-10-31T09:37:31.052Z"}
{"hasLawyerId":true,"insertFields":["name","email","phone","date","time","practice_area","message","status","documents","lawyer_id"],"lawyerId":"LAW-003","level":"info","message":"Attempting to insert booking","timestamp":"2025-10-31T09:37:31.057Z"}
{"error":"Request failed with status code 422","level":"error","message":"Error sending booking emails via MailerSend","response":{"errors":{"attachments.0.content":["Could not validate the attached file. Filename and attached file does not match. #MS42202"],"from.email":["The from.email domain must be verified in your account to send emails. #MS42207"],"to":["Trial accounts can only send emails to the administrator's email. #MS42225"]},"message":"Trial accounts can only send emails to the administrator's email. #MS42225 (and 2 more errors)"},"status":422,"timestamp":"2025-10-31T09:37:34.469Z"}
{"error":{},"level":"error","message":"Error sending booking emails","timestamp":"2025-10-31T09:37:34.470Z"}
{"bookingId":"b8dc1a63-83d8-4404-9c3d-24d748637cd4","email":"halldavid971@gmail.com","level":"info","message":"Booking created successfully","timestamp":"2025-10-31T09:37:34.471Z"}
